Determining if the pthread_create exist failed with the following output:
Change Dir: /home/matt/Desktop/toCheckIn/quad_control/build/CMakeFiles/CMakeTmp

Run Build Command:/usr/bin/make "cmTryCompileExec535119810/fast"
/usr/bin/make -f CMakeFiles/cmTryCompileExec535119810.dir/build.make CMakeFiles/cmTryCompileExec535119810.dir/build
make[1]: Entering directory `/home/matt/Desktop/toCheckIn/quad_control/build/CMakeFiles/CMakeTmp'
/usr/bin/cmake -E cmake_progress_report /home/matt/Desktop/toCheckIn/quad_control/build/CMakeFiles/CMakeTmp/CMakeFiles 1
Building C object CMakeFiles/cmTryCompileExec535119810.dir/CheckSymbolExists.c.o
/usr/bin/cc    -o CMakeFiles/cmTryCompileExec535119810.dir/CheckSymbolExists.c.o   -c /home/matt/Desktop/toCheckIn/quad_control/build/CMakeFiles/CMakeTmp/CheckSymbolExists.c
Linking C executable cmTryCompileExec535119810
/usr/bin/cmake -E cmake_link_script CMakeFiles/cmTryCompileExec535119810.dir/link.txt --verbose=1
/usr/bin/cc       CMakeFiles/cmTryCompileExec535119810.dir/CheckSymbolExists.c.o  -o cmTryCompileExec535119810 -rdynamic 
CMakeFiles/cmTryCompileExec535119810.dir/CheckSymbolExists.c.o: In function `main':
CheckSymbolExists.c:(.text+0x16): undefined reference to `pthread_create'
collect2: error: ld returned 1 exit status
make[1]: *** [cmTryCompileExec535119810] Error 1
make[1]: Leaving directory `/home/matt/Desktop/toCheckIn/quad_control/build/CMakeFiles/CMakeTmp'
make: *** [cmTryCompileExec535119810/fast] Error 2

File /home/matt/Desktop/toCheckIn/quad_control/build/CMakeFiles/CMakeTmp/CheckSymbolExists.c:
/* */
#include <pthread.h>

int main(int argc, char** argv)
{
  (void)argv;
#ifndef pthread_create
  return ((int*)(&pthread_create))[argc];
#else
  (void)argc;
  return 0;
#endif
}

Determining if the function pthread_create exists in the pthreads failed with the following output:
Change Dir: /home/matt/Desktop/toCheckIn/quad_control/build/CMakeFiles/CMakeTmp

Run Build Command:/usr/bin/make "cmTryCompileExec2621594199/fast"
/usr/bin/make -f CMakeFiles/cmTryCompileExec2621594199.dir/build.make CMakeFiles/cmTryCompileExec2621594199.dir/build
make[1]: Entering directory `/home/matt/Desktop/toCheckIn/quad_control/build/CMakeFiles/CMakeTmp'
/usr/bin/cmake -E cmake_progress_report /home/matt/Desktop/toCheckIn/quad_control/build/CMakeFiles/CMakeTmp/CMakeFiles 1
Building C object CMakeFiles/cmTryCompileExec2621594199.dir/CheckFunctionExists.c.o
/usr/bin/cc   -DCHECK_FUNCTION_EXISTS=pthread_create   -o CMakeFiles/cmTryCompileExec2621594199.dir/CheckFunctionExists.c.o   -c /usr/share/cmake-2.8/Modules/CheckFunctionExists.c
Linking C executable cmTryCompileExec2621594199
/usr/bin/cmake -E cmake_link_script CMakeFiles/cmTryCompileExec2621594199.dir/link.txt --verbose=1
/usr/bin/cc   -DCHECK_FUNCTION_EXISTS=pthread_create    CMakeFiles/cmTryCompileExec2621594199.dir/CheckFunctionExists.c.o  -o cmTryCompileExec2621594199 -rdynamic -lpthreads 
/usr/bin/ld: cannot find -lpthreads
collect2: error: ld returned 1 exit status
make[1]: *** [cmTryCompileExec2621594199] Error 1
make[1]: Leaving directory `/home/matt/Desktop/toCheckIn/quad_control/build/CMakeFiles/CMakeTmp'
make: *** [cmTryCompileExec2621594199/fast] Error 2


